<?xml version="1.0" encoding="UTF-8"?>
<testng-results skipped="0" failed="7" total="7" passed="0">
  <reporter-output>
  </reporter-output>
  <suite name="Default suite" duration-ms="75771" started-at="2020-05-29T10:40:08Z" finished-at="2020-05-29T10:41:24Z">
    <groups>
    </groups>
    <test name="Default test" duration-ms="75771" started-at="2020-05-29T10:40:08Z" finished-at="2020-05-29T10:41:24Z">
      <class name="RamTestCases.OtrReturnToHub">
        <test-method status="PASS" signature="beforeSuite()[pri:0, instance:RamTestCases.OtrReturnToHub@1dc03ce]" name="beforeSuite" is-config="true" duration-ms="413" started-at="2020-05-29T16:10:08Z" finished-at="2020-05-29T16:10:08Z">
          <reporter-output>
          </reporter-output>
        </test-method> <!-- beforeSuite -->
        <test-method status="PASS" signature="beforeClass()[pri:0, instance:RamTestCases.OtrReturnToHub@1dc03ce]" name="beforeClass" is-config="true" duration-ms="33046" started-at="2020-05-29T16:10:08Z" finished-at="2020-05-29T16:10:42Z">
          <reporter-output>
          </reporter-output>
        </test-method> <!-- beforeClass -->
        <test-method status="PASS" signature="beforeMethod(java.lang.reflect.Method)[pri:0, instance:RamTestCases.OtrReturnToHub@1dc03ce]" name="beforeMethod" is-config="true" duration-ms="3" started-at="2020-05-29T16:10:42Z" finished-at="2020-05-29T16:10:42Z">
          <params>
            <param index="0">
              <value>
                <![CDATA[public void RamTestCases.OtrReturnToHub.ReturntoHubProceedBtn() throws java.lang.InterruptedException]]>
              </value>
            </param>
          </params>
          <reporter-output>
          </reporter-output>
        </test-method> <!-- beforeMethod -->
        <test-method status="FAIL" signature="ReturntoHubProceedBtn()[pri:0, instance:RamTestCases.OtrReturnToHub@1dc03ce]" name="ReturntoHubProceedBtn" duration-ms="40554" started-at="2020-05-29T16:10:42Z" description="To verify Proceed Button" finished-at="2020-05-29T16:11:22Z">
          <exception class="org.openqa.selenium.WebDriverException">
            <message>
              <![CDATA[An unknown server-side error occurred while processing the command. Original error: Could not proxy command to remote server. Original error: Error: socket hang up
Build info: version: '3.141.59', revision: 'e82be7d358', time: '2018-11-14T08:25:53'
System info: host: 'WJLP-1098', ip: '192.168.65.1', os.name: 'Windows 8.1', os.arch: 'x86', os.version: '6.3', java.version: '1.8.0_25'
Driver info: io.appium.java_client.android.AndroidDriver
Capabilities {appActivity: com.ram.courier.activities...., appPackage: com.ram.courier, autoGrantPermission: true, automationName: Appium, databaseEnabled: false, desired: {appActivity: com.ram.courier.activities...., appPackage: com.ram.courier, autoGrantPermission: true, automationName: Appium, deviceName: Vivo, platformName: android, platformVersion: 9, udid: 8SSCCMUCKV7SIVRG}, deviceApiLevel: 28, deviceManufacturer: vivo, deviceModel: vivo 1907, deviceName: 8SSCCMUCKV7SIVRG, deviceScreenDensity: 480, deviceScreenSize: 1080x2340, deviceUDID: 8SSCCMUCKV7SIVRG, javascriptEnabled: true, locationContextEnabled: false, networkConnectionEnabled: true, pixelRatio: 3, platform: LINUX, platformName: Android, platformVersion: 9, statBarHeight: 84, takesScreenshot: true, udid: 8SSCCMUCKV7SIVRG, viewportRect: {height: 2183, left: 0, top: 84, width: 1080}, warnings: {}, webStorageEnabled: false}
Session ID: a1652cb2-72d6-487d-86e4-c929d90f4c92
*** Element info: {Using=id, value=com.ram.courier:id/btn_proceed_}]]>
            </message>
            <full-stacktrace>
              <![CDATA[org.openqa.selenium.WebDriverException: An unknown server-side error occurred while processing the command. Original error: Could not proxy command to remote server. Original error: Error: socket hang up
Build info: version: '3.141.59', revision: 'e82be7d358', time: '2018-11-14T08:25:53'
System info: host: 'WJLP-1098', ip: '192.168.65.1', os.name: 'Windows 8.1', os.arch: 'x86', os.version: '6.3', java.version: '1.8.0_25'
Driver info: io.appium.java_client.android.AndroidDriver
Capabilities {appActivity: com.ram.courier.activities...., appPackage: com.ram.courier, autoGrantPermission: true, automationName: Appium, databaseEnabled: false, desired: {appActivity: com.ram.courier.activities...., appPackage: com.ram.courier, autoGrantPermission: true, automationName: Appium, deviceName: Vivo, platformName: android, platformVersion: 9, udid: 8SSCCMUCKV7SIVRG}, deviceApiLevel: 28, deviceManufacturer: vivo, deviceModel: vivo 1907, deviceName: 8SSCCMUCKV7SIVRG, deviceScreenDensity: 480, deviceScreenSize: 1080x2340, deviceUDID: 8SSCCMUCKV7SIVRG, javascriptEnabled: true, locationContextEnabled: false, networkConnectionEnabled: true, pixelRatio: 3, platform: LINUX, platformName: Android, platformVersion: 9, statBarHeight: 84, takesScreenshot: true, udid: 8SSCCMUCKV7SIVRG, viewportRect: {height: 2183, left: 0, top: 84, width: 1080}, warnings: {}, webStorageEnabled: false}
Session ID: a1652cb2-72d6-487d-86e4-c929d90f4c92
*** Element info: {Using=id, value=com.ram.courier:id/btn_proceed_}
	at sun.reflect.NativeConstructorAccessorImpl.newInstance0(Native Method)
	at sun.reflect.NativeConstructorAccessorImpl.newInstance(Unknown Source)
	at sun.reflect.DelegatingConstructorAccessorImpl.newInstance(Unknown Source)
	at java.lang.reflect.Constructor.newInstance(Unknown Source)
	at org.openqa.selenium.remote.http.W3CHttpResponseCodec.createException(W3CHttpResponseCodec.java:187)
	at org.openqa.selenium.remote.http.W3CHttpResponseCodec.decode(W3CHttpResponseCodec.java:122)
	at org.openqa.selenium.remote.http.W3CHttpResponseCodec.decode(W3CHttpResponseCodec.java:49)
	at org.openqa.selenium.remote.HttpCommandExecutor.execute(HttpCommandExecutor.java:158)
	at io.appium.java_client.remote.AppiumCommandExecutor.execute(AppiumCommandExecutor.java:239)
	at org.openqa.selenium.remote.RemoteWebDriver.execute(RemoteWebDriver.java:552)
	at io.appium.java_client.DefaultGenericMobileDriver.execute(DefaultGenericMobileDriver.java:41)
	at io.appium.java_client.AppiumDriver.execute(AppiumDriver.java:1)
	at io.appium.java_client.android.AndroidDriver.execute(AndroidDriver.java:1)
	at org.openqa.selenium.remote.RemoteWebDriver.findElement(RemoteWebDriver.java:323)
	at io.appium.java_client.DefaultGenericMobileDriver.findElement(DefaultGenericMobileDriver.java:61)
	at io.appium.java_client.AppiumDriver.findElement(AppiumDriver.java:1)
	at io.appium.java_client.android.AndroidDriver.findElement(AndroidDriver.java:1)
	at org.openqa.selenium.remote.RemoteWebDriver.findElementById(RemoteWebDriver.java:372)
	at io.appium.java_client.DefaultGenericMobileDriver.findElementById(DefaultGenericMobileDriver.java:69)
	at io.appium.java_client.AppiumDriver.findElementById(AppiumDriver.java:1)
	at io.appium.java_client.android.AndroidDriver.findElementById(AndroidDriver.java:1)
	at RamTestCases.OtrReturnToHub.ReturntoHubProceedBtn(OtrReturnToHub.java:181)
	at sun.reflect.NativeMethodAccessorImpl.invoke0(Native Method)
	at sun.reflect.NativeMethodAccessorImpl.invoke(Unknown Source)
	at sun.reflect.DelegatingMethodAccessorImpl.invoke(Unknown Source)
	at java.lang.reflect.Method.invoke(Unknown Source)
	at org.testng.internal.MethodInvocationHelper.invokeMethod(MethodInvocationHelper.java:86)
	at org.testng.internal.Invoker.invokeMethod(Invoker.java:645)
	at org.testng.internal.Invoker.invokeTestMethod(Invoker.java:822)
	at org.testng.internal.Invoker.invokeTestMethods(Invoker.java:1130)
	at org.testng.internal.TestMethodWorker.invokeTestMethods(TestMethodWorker.java:129)
	at org.testng.internal.TestMethodWorker.run(TestMethodWorker.java:112)
	at org.testng.TestRunner.privateRun(TestRunner.java:782)
	at org.testng.TestRunner.run(TestRunner.java:632)
	at org.testng.SuiteRunner.runTest(SuiteRunner.java:366)
	at org.testng.SuiteRunner.runSequentially(SuiteRunner.java:361)
	at org.testng.SuiteRunner.privateRun(SuiteRunner.java:319)
	at org.testng.SuiteRunner.run(SuiteRunner.java:268)
	at org.testng.SuiteRunnerWorker.runSuite(SuiteRunnerWorker.java:52)
	at org.testng.SuiteRunnerWorker.run(SuiteRunnerWorker.java:86)
	at org.testng.TestNG.runSuitesSequentially(TestNG.java:1244)
	at org.testng.TestNG.runSuitesLocally(TestNG.java:1169)
	at org.testng.TestNG.run(TestNG.java:1064)
	at org.testng.remote.RemoteTestNG.run(RemoteTestNG.java:113)
	at org.testng.remote.RemoteTestNG.initAndRun(RemoteTestNG.java:206)
	at org.testng.remote.RemoteTestNG.main(RemoteTestNG.java:177)
]]>
            </full-stacktrace>
          </exception> <!-- org.openqa.selenium.WebDriverException -->
          <reporter-output>
          </reporter-output>
        </test-method> <!-- ReturntoHubProceedBtn -->
        <test-method status="PASS" signature="afterMethod(org.testng.ITestResult)[pri:0, instance:RamTestCases.OtrReturnToHub@1dc03ce]" name="afterMethod" is-config="true" duration-ms="772" started-at="2020-05-29T16:11:22Z" finished-at="2020-05-29T16:11:23Z">
          <params>
            <param index="0">
              <value>
                <![CDATA[[TestResult name=ReturntoHubProceedBtn status=FAILURE method=OtrReturnToHub.ReturntoHubProceedBtn()[pri:0, instance:RamTestCases.OtrReturnToHub@1dc03ce] output={null}]]]>
              </value>
            </param>
          </params>
          <reporter-output>
          </reporter-output>
        </test-method> <!-- afterMethod -->
        <test-method status="PASS" signature="beforeMethod(java.lang.reflect.Method)[pri:0, instance:RamTestCases.OtrReturnToHub@1dc03ce]" name="beforeMethod" is-config="true" duration-ms="0" started-at="2020-05-29T16:11:23Z" finished-at="2020-05-29T16:11:23Z">
          <params>
            <param index="0">
              <value>
                <![CDATA[public void RamTestCases.OtrReturnToHub.ReturntoHubSelectReasonforOpenDeliveries() throws java.lang.InterruptedException]]>
              </value>
            </param>
          </params>
          <reporter-output>
          </reporter-output>
        </test-method> <!-- beforeMethod -->
        <test-method status="FAIL" signature="ReturntoHubSelectReasonforOpenDeliveries()[pri:1, instance:RamTestCases.OtrReturnToHub@1dc03ce]" name="ReturntoHubSelectReasonforOpenDeliveries" duration-ms="32" started-at="2020-05-29T16:11:23Z" description="To verify and select Reason for Open Deliveries " finished-at="2020-05-29T16:11:23Z">
          <exception class="org.openqa.selenium.WebDriverException">
            <message>
              <![CDATA[An unknown server-side error occurred while processing the command. Original error: Could not proxy command to remote server. Original error: Error: socket hang up
Build info: version: '3.141.59', revision: 'e82be7d358', time: '2018-11-14T08:25:53'
System info: host: 'WJLP-1098', ip: '192.168.65.1', os.name: 'Windows 8.1', os.arch: 'x86', os.version: '6.3', java.version: '1.8.0_25'
Driver info: io.appium.java_client.android.AndroidDriver
Capabilities {appActivity: com.ram.courier.activities...., appPackage: com.ram.courier, autoGrantPermission: true, automationName: Appium, databaseEnabled: false, desired: {appActivity: com.ram.courier.activities...., appPackage: com.ram.courier, autoGrantPermission: true, automationName: Appium, deviceName: Vivo, platformName: android, platformVersion: 9, udid: 8SSCCMUCKV7SIVRG}, deviceApiLevel: 28, deviceManufacturer: vivo, deviceModel: vivo 1907, deviceName: 8SSCCMUCKV7SIVRG, deviceScreenDensity: 480, deviceScreenSize: 1080x2340, deviceUDID: 8SSCCMUCKV7SIVRG, javascriptEnabled: true, locationContextEnabled: false, networkConnectionEnabled: true, pixelRatio: 3, platform: LINUX, platformName: Android, platformVersion: 9, statBarHeight: 84, takesScreenshot: true, udid: 8SSCCMUCKV7SIVRG, viewportRect: {height: 2183, left: 0, top: 84, width: 1080}, warnings: {}, webStorageEnabled: false}
Session ID: a1652cb2-72d6-487d-86e4-c929d90f4c92
*** Element info: {Using=xpath, value=/hierarchy/android.widget.FrameLayout/android.widget.LinearLayout/android.widget.FrameLayout/android.widget.LinearLayout/android.widget.FrameLayout/android.widget.LinearLayout/android.widget.FrameLayout/android.widget.RelativeLayout/android.widget.LinearLayout/android.widget.LinearLayout[1]/android.widget.LinearLayout/android.widget.LinearLayout}]]>
            </message>
            <full-stacktrace>
              <![CDATA[org.openqa.selenium.WebDriverException: An unknown server-side error occurred while processing the command. Original error: Could not proxy command to remote server. Original error: Error: socket hang up
Build info: version: '3.141.59', revision: 'e82be7d358', time: '2018-11-14T08:25:53'
System info: host: 'WJLP-1098', ip: '192.168.65.1', os.name: 'Windows 8.1', os.arch: 'x86', os.version: '6.3', java.version: '1.8.0_25'
Driver info: io.appium.java_client.android.AndroidDriver
Capabilities {appActivity: com.ram.courier.activities...., appPackage: com.ram.courier, autoGrantPermission: true, automationName: Appium, databaseEnabled: false, desired: {appActivity: com.ram.courier.activities...., appPackage: com.ram.courier, autoGrantPermission: true, automationName: Appium, deviceName: Vivo, platformName: android, platformVersion: 9, udid: 8SSCCMUCKV7SIVRG}, deviceApiLevel: 28, deviceManufacturer: vivo, deviceModel: vivo 1907, deviceName: 8SSCCMUCKV7SIVRG, deviceScreenDensity: 480, deviceScreenSize: 1080x2340, deviceUDID: 8SSCCMUCKV7SIVRG, javascriptEnabled: true, locationContextEnabled: false, networkConnectionEnabled: true, pixelRatio: 3, platform: LINUX, platformName: Android, platformVersion: 9, statBarHeight: 84, takesScreenshot: true, udid: 8SSCCMUCKV7SIVRG, viewportRect: {height: 2183, left: 0, top: 84, width: 1080}, warnings: {}, webStorageEnabled: false}
Session ID: a1652cb2-72d6-487d-86e4-c929d90f4c92
*** Element info: {Using=xpath, value=/hierarchy/android.widget.FrameLayout/android.widget.LinearLayout/android.widget.FrameLayout/android.widget.LinearLayout/android.widget.FrameLayout/android.widget.LinearLayout/android.widget.FrameLayout/android.widget.RelativeLayout/android.widget.LinearLayout/android.widget.LinearLayout[1]/android.widget.LinearLayout/android.widget.LinearLayout}
	at sun.reflect.NativeConstructorAccessorImpl.newInstance0(Native Method)
	at sun.reflect.NativeConstructorAccessorImpl.newInstance(Unknown Source)
	at sun.reflect.DelegatingConstructorAccessorImpl.newInstance(Unknown Source)
	at java.lang.reflect.Constructor.newInstance(Unknown Source)
	at org.openqa.selenium.remote.http.W3CHttpResponseCodec.createException(W3CHttpResponseCodec.java:187)
	at org.openqa.selenium.remote.http.W3CHttpResponseCodec.decode(W3CHttpResponseCodec.java:122)
	at org.openqa.selenium.remote.http.W3CHttpResponseCodec.decode(W3CHttpResponseCodec.java:49)
	at org.openqa.selenium.remote.HttpCommandExecutor.execute(HttpCommandExecutor.java:158)
	at io.appium.java_client.remote.AppiumCommandExecutor.execute(AppiumCommandExecutor.java:239)
	at org.openqa.selenium.remote.RemoteWebDriver.execute(RemoteWebDriver.java:552)
	at io.appium.java_client.DefaultGenericMobileDriver.execute(DefaultGenericMobileDriver.java:41)
	at io.appium.java_client.AppiumDriver.execute(AppiumDriver.java:1)
	at io.appium.java_client.android.AndroidDriver.execute(AndroidDriver.java:1)
	at org.openqa.selenium.remote.RemoteWebDriver.findElement(RemoteWebDriver.java:323)
	at io.appium.java_client.DefaultGenericMobileDriver.findElement(DefaultGenericMobileDriver.java:61)
	at io.appium.java_client.AppiumDriver.findElement(AppiumDriver.java:1)
	at io.appium.java_client.android.AndroidDriver.findElement(AndroidDriver.java:1)
	at org.openqa.selenium.remote.RemoteWebDriver.findElementByXPath(RemoteWebDriver.java:428)
	at io.appium.java_client.DefaultGenericMobileDriver.findElementByXPath(DefaultGenericMobileDriver.java:151)
	at io.appium.java_client.AppiumDriver.findElementByXPath(AppiumDriver.java:1)
	at io.appium.java_client.android.AndroidDriver.findElementByXPath(AndroidDriver.java:1)
	at RamTestCases.OtrReturnToHub.ReturntoHubSelectReasonforOpenDeliveries(OtrReturnToHub.java:193)
	at sun.reflect.NativeMethodAccessorImpl.invoke0(Native Method)
	at sun.reflect.NativeMethodAccessorImpl.invoke(Unknown Source)
	at sun.reflect.DelegatingMethodAccessorImpl.invoke(Unknown Source)
	at java.lang.reflect.Method.invoke(Unknown Source)
	at org.testng.internal.MethodInvocationHelper.invokeMethod(MethodInvocationHelper.java:86)
	at org.testng.internal.Invoker.invokeMethod(Invoker.java:645)
	at org.testng.internal.Invoker.invokeTestMethod(Invoker.java:822)
	at org.testng.internal.Invoker.invokeTestMethods(Invoker.java:1130)
	at org.testng.internal.TestMethodWorker.invokeTestMethods(TestMethodWorker.java:129)
	at org.testng.internal.TestMethodWorker.run(TestMethodWorker.java:112)
	at org.testng.TestRunner.privateRun(TestRunner.java:782)
	at org.testng.TestRunner.run(TestRunner.java:632)
	at org.testng.SuiteRunner.runTest(SuiteRunner.java:366)
	at org.testng.SuiteRunner.runSequentially(SuiteRunner.java:361)
	at org.testng.SuiteRunner.privateRun(SuiteRunner.java:319)
	at org.testng.SuiteRunner.run(SuiteRunner.java:268)
	at org.testng.SuiteRunnerWorker.runSuite(SuiteRunnerWorker.java:52)
	at org.testng.SuiteRunnerWorker.run(SuiteRunnerWorker.java:86)
	at org.testng.TestNG.runSuitesSequentially(TestNG.java:1244)
	at org.testng.TestNG.runSuitesLocally(TestNG.java:1169)
	at org.testng.TestNG.run(TestNG.java:1064)
	at org.testng.remote.RemoteTestNG.run(RemoteTestNG.java:113)
	at org.testng.remote.RemoteTestNG.initAndRun(RemoteTestNG.java:206)
	at org.testng.remote.RemoteTestNG.main(RemoteTestNG.java:177)
]]>
            </full-stacktrace>
          </exception> <!-- org.openqa.selenium.WebDriverException -->
          <reporter-output>
          </reporter-output>
        </test-method> <!-- ReturntoHubSelectReasonforOpenDeliveries -->
        <test-method status="PASS" signature="afterMethod(org.testng.ITestResult)[pri:0, instance:RamTestCases.OtrReturnToHub@1dc03ce]" name="afterMethod" is-config="true" duration-ms="195" started-at="2020-05-29T16:11:23Z" finished-at="2020-05-29T16:11:23Z">
          <params>
            <param index="0">
              <value>
                <![CDATA[[TestResult name=ReturntoHubSelectReasonforOpenDeliveries status=FAILURE method=OtrReturnToHub.ReturntoHubSelectReasonforOpenDeliveries()[pri:1, instance:RamTestCases.OtrReturnToHub@1dc03ce] output={null}]]]>
              </value>
            </param>
          </params>
          <reporter-output>
          </reporter-output>
        </test-method> <!-- afterMethod -->
        <test-method status="PASS" signature="beforeMethod(java.lang.reflect.Method)[pri:0, instance:RamTestCases.OtrReturnToHub@1dc03ce]" name="beforeMethod" is-config="true" duration-ms="0" started-at="2020-05-29T16:11:23Z" finished-at="2020-05-29T16:11:23Z">
          <params>
            <param index="0">
              <value>
                <![CDATA[public void RamTestCases.OtrReturnToHub.ReturntoHubSelectReasonforOpenCollection() throws java.lang.InterruptedException]]>
              </value>
            </param>
          </params>
          <reporter-output>
          </reporter-output>
        </test-method> <!-- beforeMethod -->
        <test-method status="FAIL" signature="ReturntoHubSelectReasonforOpenCollection()[pri:2, instance:RamTestCases.OtrReturnToHub@1dc03ce]" name="ReturntoHubSelectReasonforOpenCollection" duration-ms="33" started-at="2020-05-29T16:11:23Z" description="To verify and select Reason for Open Deliveries " finished-at="2020-05-29T16:11:23Z">
          <exception class="org.openqa.selenium.WebDriverException">
            <message>
              <![CDATA[An unknown server-side error occurred while processing the command. Original error: Could not proxy command to remote server. Original error: Error: socket hang up
Build info: version: '3.141.59', revision: 'e82be7d358', time: '2018-11-14T08:25:53'
System info: host: 'WJLP-1098', ip: '192.168.65.1', os.name: 'Windows 8.1', os.arch: 'x86', os.version: '6.3', java.version: '1.8.0_25'
Driver info: io.appium.java_client.android.AndroidDriver
Capabilities {appActivity: com.ram.courier.activities...., appPackage: com.ram.courier, autoGrantPermission: true, automationName: Appium, databaseEnabled: false, desired: {appActivity: com.ram.courier.activities...., appPackage: com.ram.courier, autoGrantPermission: true, automationName: Appium, deviceName: Vivo, platformName: android, platformVersion: 9, udid: 8SSCCMUCKV7SIVRG}, deviceApiLevel: 28, deviceManufacturer: vivo, deviceModel: vivo 1907, deviceName: 8SSCCMUCKV7SIVRG, deviceScreenDensity: 480, deviceScreenSize: 1080x2340, deviceUDID: 8SSCCMUCKV7SIVRG, javascriptEnabled: true, locationContextEnabled: false, networkConnectionEnabled: true, pixelRatio: 3, platform: LINUX, platformName: Android, platformVersion: 9, statBarHeight: 84, takesScreenshot: true, udid: 8SSCCMUCKV7SIVRG, viewportRect: {height: 2183, left: 0, top: 84, width: 1080}, warnings: {}, webStorageEnabled: false}
Session ID: a1652cb2-72d6-487d-86e4-c929d90f4c92
*** Element info: {Using=xpath, value=/hierarchy/android.widget.FrameLayout/android.widget.LinearLayout/android.widget.FrameLayout/android.widget.LinearLayout/android.widget.FrameLayout/android.widget.LinearLayout/android.widget.FrameLayout/android.widget.RelativeLayout/android.widget.LinearLayout/android.widget.LinearLayout[2]/android.widget.LinearLayout/android.widget.LinearLayout}]]>
            </message>
            <full-stacktrace>
              <![CDATA[org.openqa.selenium.WebDriverException: An unknown server-side error occurred while processing the command. Original error: Could not proxy command to remote server. Original error: Error: socket hang up
Build info: version: '3.141.59', revision: 'e82be7d358', time: '2018-11-14T08:25:53'
System info: host: 'WJLP-1098', ip: '192.168.65.1', os.name: 'Windows 8.1', os.arch: 'x86', os.version: '6.3', java.version: '1.8.0_25'
Driver info: io.appium.java_client.android.AndroidDriver
Capabilities {appActivity: com.ram.courier.activities...., appPackage: com.ram.courier, autoGrantPermission: true, automationName: Appium, databaseEnabled: false, desired: {appActivity: com.ram.courier.activities...., appPackage: com.ram.courier, autoGrantPermission: true, automationName: Appium, deviceName: Vivo, platformName: android, platformVersion: 9, udid: 8SSCCMUCKV7SIVRG}, deviceApiLevel: 28, deviceManufacturer: vivo, deviceModel: vivo 1907, deviceName: 8SSCCMUCKV7SIVRG, deviceScreenDensity: 480, deviceScreenSize: 1080x2340, deviceUDID: 8SSCCMUCKV7SIVRG, javascriptEnabled: true, locationContextEnabled: false, networkConnectionEnabled: true, pixelRatio: 3, platform: LINUX, platformName: Android, platformVersion: 9, statBarHeight: 84, takesScreenshot: true, udid: 8SSCCMUCKV7SIVRG, viewportRect: {height: 2183, left: 0, top: 84, width: 1080}, warnings: {}, webStorageEnabled: false}
Session ID: a1652cb2-72d6-487d-86e4-c929d90f4c92
*** Element info: {Using=xpath, value=/hierarchy/android.widget.FrameLayout/android.widget.LinearLayout/android.widget.FrameLayout/android.widget.LinearLayout/android.widget.FrameLayout/android.widget.LinearLayout/android.widget.FrameLayout/android.widget.RelativeLayout/android.widget.LinearLayout/android.widget.LinearLayout[2]/android.widget.LinearLayout/android.widget.LinearLayout}
	at sun.reflect.NativeConstructorAccessorImpl.newInstance0(Native Method)
	at sun.reflect.NativeConstructorAccessorImpl.newInstance(Unknown Source)
	at sun.reflect.DelegatingConstructorAccessorImpl.newInstance(Unknown Source)
	at java.lang.reflect.Constructor.newInstance(Unknown Source)
	at org.openqa.selenium.remote.http.W3CHttpResponseCodec.createException(W3CHttpResponseCodec.java:187)
	at org.openqa.selenium.remote.http.W3CHttpResponseCodec.decode(W3CHttpResponseCodec.java:122)
	at org.openqa.selenium.remote.http.W3CHttpResponseCodec.decode(W3CHttpResponseCodec.java:49)
	at org.openqa.selenium.remote.HttpCommandExecutor.execute(HttpCommandExecutor.java:158)
	at io.appium.java_client.remote.AppiumCommandExecutor.execute(AppiumCommandExecutor.java:239)
	at org.openqa.selenium.remote.RemoteWebDriver.execute(RemoteWebDriver.java:552)
	at io.appium.java_client.DefaultGenericMobileDriver.execute(DefaultGenericMobileDriver.java:41)
	at io.appium.java_client.AppiumDriver.execute(AppiumDriver.java:1)
	at io.appium.java_client.android.AndroidDriver.execute(AndroidDriver.java:1)
	at org.openqa.selenium.remote.RemoteWebDriver.findElement(RemoteWebDriver.java:323)
	at io.appium.java_client.DefaultGenericMobileDriver.findElement(DefaultGenericMobileDriver.java:61)
	at io.appium.java_client.AppiumDriver.findElement(AppiumDriver.java:1)
	at io.appium.java_client.android.AndroidDriver.findElement(AndroidDriver.java:1)
	at org.openqa.selenium.remote.RemoteWebDriver.findElementByXPath(RemoteWebDriver.java:428)
	at io.appium.java_client.DefaultGenericMobileDriver.findElementByXPath(DefaultGenericMobileDriver.java:151)
	at io.appium.java_client.AppiumDriver.findElementByXPath(AppiumDriver.java:1)
	at io.appium.java_client.android.AndroidDriver.findElementByXPath(AndroidDriver.java:1)
	at RamTestCases.OtrReturnToHub.ReturntoHubSelectReasonforOpenCollection(OtrReturnToHub.java:206)
	at sun.reflect.NativeMethodAccessorImpl.invoke0(Native Method)
	at sun.reflect.NativeMethodAccessorImpl.invoke(Unknown Source)
	at sun.reflect.DelegatingMethodAccessorImpl.invoke(Unknown Source)
	at java.lang.reflect.Method.invoke(Unknown Source)
	at org.testng.internal.MethodInvocationHelper.invokeMethod(MethodInvocationHelper.java:86)
	at org.testng.internal.Invoker.invokeMethod(Invoker.java:645)
	at org.testng.internal.Invoker.invokeTestMethod(Invoker.java:822)
	at org.testng.internal.Invoker.invokeTestMethods(Invoker.java:1130)
	at org.testng.internal.TestMethodWorker.invokeTestMethods(TestMethodWorker.java:129)
	at org.testng.internal.TestMethodWorker.run(TestMethodWorker.java:112)
	at org.testng.TestRunner.privateRun(TestRunner.java:782)
	at org.testng.TestRunner.run(TestRunner.java:632)
	at org.testng.SuiteRunner.runTest(SuiteRunner.java:366)
	at org.testng.SuiteRunner.runSequentially(SuiteRunner.java:361)
	at org.testng.SuiteRunner.privateRun(SuiteRunner.java:319)
	at org.testng.SuiteRunner.run(SuiteRunner.java:268)
	at org.testng.SuiteRunnerWorker.runSuite(SuiteRunnerWorker.java:52)
	at org.testng.SuiteRunnerWorker.run(SuiteRunnerWorker.java:86)
	at org.testng.TestNG.runSuitesSequentially(TestNG.java:1244)
	at org.testng.TestNG.runSuitesLocally(TestNG.java:1169)
	at org.testng.TestNG.run(TestNG.java:1064)
	at org.testng.remote.RemoteTestNG.run(RemoteTestNG.java:113)
	at org.testng.remote.RemoteTestNG.initAndRun(RemoteTestNG.java:206)
	at org.testng.remote.RemoteTestNG.main(RemoteTestNG.java:177)
]]>
            </full-stacktrace>
          </exception> <!-- org.openqa.selenium.WebDriverException -->
          <reporter-output>
          </reporter-output>
        </test-method> <!-- ReturntoHubSelectReasonforOpenCollection -->
        <test-method status="PASS" signature="afterMethod(org.testng.ITestResult)[pri:0, instance:RamTestCases.OtrReturnToHub@1dc03ce]" name="afterMethod" is-config="true" duration-ms="177" started-at="2020-05-29T16:11:23Z" finished-at="2020-05-29T16:11:23Z">
          <params>
            <param index="0">
              <value>
                <![CDATA[[TestResult name=ReturntoHubSelectReasonforOpenCollection status=FAILURE method=OtrReturnToHub.ReturntoHubSelectReasonforOpenCollection()[pri:2, instance:RamTestCases.OtrReturnToHub@1dc03ce] output={null}]]]>
              </value>
            </param>
          </params>
          <reporter-output>
          </reporter-output>
        </test-method> <!-- afterMethod -->
        <test-method status="PASS" signature="beforeMethod(java.lang.reflect.Method)[pri:0, instance:RamTestCases.OtrReturnToHub@1dc03ce]" name="beforeMethod" is-config="true" duration-ms="0" started-at="2020-05-29T16:11:23Z" finished-at="2020-05-29T16:11:23Z">
          <params>
            <param index="0">
              <value>
                <![CDATA[public void RamTestCases.OtrReturnToHub.ReturntoHubSelectReasonforNextCollectionEnterINvalidPodNO() throws java.lang.InterruptedException]]>
              </value>
            </param>
          </params>
          <reporter-output>
          </reporter-output>
        </test-method> <!-- beforeMethod -->
        <test-method status="FAIL" signature="ReturntoHubSelectReasonforNextCollectionEnterINvalidPodNO()[pri:3, instance:RamTestCases.OtrReturnToHub@1dc03ce]" name="ReturntoHubSelectReasonforNextCollectionEnterINvalidPodNO" duration-ms="28" started-at="2020-05-29T16:11:23Z" description="To verify and select Reason for Open Deliveries " finished-at="2020-05-29T16:11:23Z">
          <exception class="org.openqa.selenium.WebDriverException">
            <message>
              <![CDATA[An unknown server-side error occurred while processing the command. Original error: Could not proxy command to remote server. Original error: Error: socket hang up
Build info: version: '3.141.59', revision: 'e82be7d358', time: '2018-11-14T08:25:53'
System info: host: 'WJLP-1098', ip: '192.168.65.1', os.name: 'Windows 8.1', os.arch: 'x86', os.version: '6.3', java.version: '1.8.0_25'
Driver info: io.appium.java_client.android.AndroidDriver
Capabilities {appActivity: com.ram.courier.activities...., appPackage: com.ram.courier, autoGrantPermission: true, automationName: Appium, databaseEnabled: false, desired: {appActivity: com.ram.courier.activities...., appPackage: com.ram.courier, autoGrantPermission: true, automationName: Appium, deviceName: Vivo, platformName: android, platformVersion: 9, udid: 8SSCCMUCKV7SIVRG}, deviceApiLevel: 28, deviceManufacturer: vivo, deviceModel: vivo 1907, deviceName: 8SSCCMUCKV7SIVRG, deviceScreenDensity: 480, deviceScreenSize: 1080x2340, deviceUDID: 8SSCCMUCKV7SIVRG, javascriptEnabled: true, locationContextEnabled: false, networkConnectionEnabled: true, pixelRatio: 3, platform: LINUX, platformName: Android, platformVersion: 9, statBarHeight: 84, takesScreenshot: true, udid: 8SSCCMUCKV7SIVRG, viewportRect: {height: 2183, left: 0, top: 84, width: 1080}, warnings: {}, webStorageEnabled: false}
Session ID: a1652cb2-72d6-487d-86e4-c929d90f4c92
*** Element info: {Using=id, value=com.ram.courier:id/btn_logout}]]>
            </message>
            <full-stacktrace>
              <![CDATA[org.openqa.selenium.WebDriverException: An unknown server-side error occurred while processing the command. Original error: Could not proxy command to remote server. Original error: Error: socket hang up
Build info: version: '3.141.59', revision: 'e82be7d358', time: '2018-11-14T08:25:53'
System info: host: 'WJLP-1098', ip: '192.168.65.1', os.name: 'Windows 8.1', os.arch: 'x86', os.version: '6.3', java.version: '1.8.0_25'
Driver info: io.appium.java_client.android.AndroidDriver
Capabilities {appActivity: com.ram.courier.activities...., appPackage: com.ram.courier, autoGrantPermission: true, automationName: Appium, databaseEnabled: false, desired: {appActivity: com.ram.courier.activities...., appPackage: com.ram.courier, autoGrantPermission: true, automationName: Appium, deviceName: Vivo, platformName: android, platformVersion: 9, udid: 8SSCCMUCKV7SIVRG}, deviceApiLevel: 28, deviceManufacturer: vivo, deviceModel: vivo 1907, deviceName: 8SSCCMUCKV7SIVRG, deviceScreenDensity: 480, deviceScreenSize: 1080x2340, deviceUDID: 8SSCCMUCKV7SIVRG, javascriptEnabled: true, locationContextEnabled: false, networkConnectionEnabled: true, pixelRatio: 3, platform: LINUX, platformName: Android, platformVersion: 9, statBarHeight: 84, takesScreenshot: true, udid: 8SSCCMUCKV7SIVRG, viewportRect: {height: 2183, left: 0, top: 84, width: 1080}, warnings: {}, webStorageEnabled: false}
Session ID: a1652cb2-72d6-487d-86e4-c929d90f4c92
*** Element info: {Using=id, value=com.ram.courier:id/btn_logout}
	at sun.reflect.NativeConstructorAccessorImpl.newInstance0(Native Method)
	at sun.reflect.NativeConstructorAccessorImpl.newInstance(Unknown Source)
	at sun.reflect.DelegatingConstructorAccessorImpl.newInstance(Unknown Source)
	at java.lang.reflect.Constructor.newInstance(Unknown Source)
	at org.openqa.selenium.remote.http.W3CHttpResponseCodec.createException(W3CHttpResponseCodec.java:187)
	at org.openqa.selenium.remote.http.W3CHttpResponseCodec.decode(W3CHttpResponseCodec.java:122)
	at org.openqa.selenium.remote.http.W3CHttpResponseCodec.decode(W3CHttpResponseCodec.java:49)
	at org.openqa.selenium.remote.HttpCommandExecutor.execute(HttpCommandExecutor.java:158)
	at io.appium.java_client.remote.AppiumCommandExecutor.execute(AppiumCommandExecutor.java:239)
	at org.openqa.selenium.remote.RemoteWebDriver.execute(RemoteWebDriver.java:552)
	at io.appium.java_client.DefaultGenericMobileDriver.execute(DefaultGenericMobileDriver.java:41)
	at io.appium.java_client.AppiumDriver.execute(AppiumDriver.java:1)
	at io.appium.java_client.android.AndroidDriver.execute(AndroidDriver.java:1)
	at org.openqa.selenium.remote.RemoteWebDriver.findElement(RemoteWebDriver.java:323)
	at io.appium.java_client.DefaultGenericMobileDriver.findElement(DefaultGenericMobileDriver.java:61)
	at io.appium.java_client.AppiumDriver.findElement(AppiumDriver.java:1)
	at io.appium.java_client.android.AndroidDriver.findElement(AndroidDriver.java:1)
	at org.openqa.selenium.remote.RemoteWebDriver.findElementById(RemoteWebDriver.java:372)
	at io.appium.java_client.DefaultGenericMobileDriver.findElementById(DefaultGenericMobileDriver.java:69)
	at io.appium.java_client.AppiumDriver.findElementById(AppiumDriver.java:1)
	at io.appium.java_client.android.AndroidDriver.findElementById(AndroidDriver.java:1)
	at RamTestCases.OtrReturnToHub.ReturntoHubSelectReasonforNextCollectionEnterINvalidPodNO(OtrReturnToHub.java:221)
	at sun.reflect.NativeMethodAccessorImpl.invoke0(Native Method)
	at sun.reflect.NativeMethodAccessorImpl.invoke(Unknown Source)
	at sun.reflect.DelegatingMethodAccessorImpl.invoke(Unknown Source)
	at java.lang.reflect.Method.invoke(Unknown Source)
	at org.testng.internal.MethodInvocationHelper.invokeMethod(MethodInvocationHelper.java:86)
	at org.testng.internal.Invoker.invokeMethod(Invoker.java:645)
	at org.testng.internal.Invoker.invokeTestMethod(Invoker.java:822)
	at org.testng.internal.Invoker.invokeTestMethods(Invoker.java:1130)
	at org.testng.internal.TestMethodWorker.invokeTestMethods(TestMethodWorker.java:129)
	at org.testng.internal.TestMethodWorker.run(TestMethodWorker.java:112)
	at org.testng.TestRunner.privateRun(TestRunner.java:782)
	at org.testng.TestRunner.run(TestRunner.java:632)
	at org.testng.SuiteRunner.runTest(SuiteRunner.java:366)
	at org.testng.SuiteRunner.runSequentially(SuiteRunner.java:361)
	at org.testng.SuiteRunner.privateRun(SuiteRunner.java:319)
	at org.testng.SuiteRunner.run(SuiteRunner.java:268)
	at org.testng.SuiteRunnerWorker.runSuite(SuiteRunnerWorker.java:52)
	at org.testng.SuiteRunnerWorker.run(SuiteRunnerWorker.java:86)
	at org.testng.TestNG.runSuitesSequentially(TestNG.java:1244)
	at org.testng.TestNG.runSuitesLocally(TestNG.java:1169)
	at org.testng.TestNG.run(TestNG.java:1064)
	at org.testng.remote.RemoteTestNG.run(RemoteTestNG.java:113)
	at org.testng.remote.RemoteTestNG.initAndRun(RemoteTestNG.java:206)
	at org.testng.remote.RemoteTestNG.main(RemoteTestNG.java:177)
]]>
            </full-stacktrace>
          </exception> <!-- org.openqa.selenium.WebDriverException -->
          <reporter-output>
          </reporter-output>
        </test-method> <!-- ReturntoHubSelectReasonforNextCollectionEnterINvalidPodNO -->
        <test-method status="PASS" signature="afterMethod(org.testng.ITestResult)[pri:0, instance:RamTestCases.OtrReturnToHub@1dc03ce]" name="afterMethod" is-config="true" duration-ms="199" started-at="2020-05-29T16:11:23Z" finished-at="2020-05-29T16:11:24Z">
          <params>
            <param index="0">
              <value>
                <![CDATA[[TestResult name=ReturntoHubSelectReasonforNextCollectionEnterINvalidPodNO status=FAILURE method=OtrReturnToHub.ReturntoHubSelectReasonforNextCollectionEnterINvalidPodNO()[pri:3, instance:RamTestCases.OtrReturnToHub@1dc03ce] output={null}]]]>
              </value>
            </param>
          </params>
          <reporter-output>
          </reporter-output>
        </test-method> <!-- afterMethod -->
        <test-method status="PASS" signature="beforeMethod(java.lang.reflect.Method)[pri:0, instance:RamTestCases.OtrReturnToHub@1dc03ce]" name="beforeMethod" is-config="true" duration-ms="1" started-at="2020-05-29T16:11:24Z" finished-at="2020-05-29T16:11:24Z">
          <params>
            <param index="0">
              <value>
                <![CDATA[public void RamTestCases.OtrReturnToHub.ReturntoHubSelectReasonforNextCollectionEnterValidPodNO() throws java.lang.InterruptedException]]>
              </value>
            </param>
          </params>
          <reporter-output>
          </reporter-output>
        </test-method> <!-- beforeMethod -->
        <test-method status="FAIL" signature="ReturntoHubSelectReasonforNextCollectionEnterValidPodNO()[pri:4, instance:RamTestCases.OtrReturnToHub@1dc03ce]" name="ReturntoHubSelectReasonforNextCollectionEnterValidPodNO" duration-ms="32" started-at="2020-05-29T16:11:24Z" description="To verify and select Reason for Open Deliveries " finished-at="2020-05-29T16:11:24Z">
          <exception class="org.openqa.selenium.WebDriverException">
            <message>
              <![CDATA[An unknown server-side error occurred while processing the command. Original error: Could not proxy command to remote server. Original error: Error: socket hang up
Build info: version: '3.141.59', revision: 'e82be7d358', time: '2018-11-14T08:25:53'
System info: host: 'WJLP-1098', ip: '192.168.65.1', os.name: 'Windows 8.1', os.arch: 'x86', os.version: '6.3', java.version: '1.8.0_25'
Driver info: io.appium.java_client.android.AndroidDriver
Capabilities {appActivity: com.ram.courier.activities...., appPackage: com.ram.courier, autoGrantPermission: true, automationName: Appium, databaseEnabled: false, desired: {appActivity: com.ram.courier.activities...., appPackage: com.ram.courier, autoGrantPermission: true, automationName: Appium, deviceName: Vivo, platformName: android, platformVersion: 9, udid: 8SSCCMUCKV7SIVRG}, deviceApiLevel: 28, deviceManufacturer: vivo, deviceModel: vivo 1907, deviceName: 8SSCCMUCKV7SIVRG, deviceScreenDensity: 480, deviceScreenSize: 1080x2340, deviceUDID: 8SSCCMUCKV7SIVRG, javascriptEnabled: true, locationContextEnabled: false, networkConnectionEnabled: true, pixelRatio: 3, platform: LINUX, platformName: Android, platformVersion: 9, statBarHeight: 84, takesScreenshot: true, udid: 8SSCCMUCKV7SIVRG, viewportRect: {height: 2183, left: 0, top: 84, width: 1080}, warnings: {}, webStorageEnabled: false}
Session ID: a1652cb2-72d6-487d-86e4-c929d90f4c92
*** Element info: {Using=id, value=com.ram.courier:id/btn_logout}]]>
            </message>
            <full-stacktrace>
              <![CDATA[org.openqa.selenium.WebDriverException: An unknown server-side error occurred while processing the command. Original error: Could not proxy command to remote server. Original error: Error: socket hang up
Build info: version: '3.141.59', revision: 'e82be7d358', time: '2018-11-14T08:25:53'
System info: host: 'WJLP-1098', ip: '192.168.65.1', os.name: 'Windows 8.1', os.arch: 'x86', os.version: '6.3', java.version: '1.8.0_25'
Driver info: io.appium.java_client.android.AndroidDriver
Capabilities {appActivity: com.ram.courier.activities...., appPackage: com.ram.courier, autoGrantPermission: true, automationName: Appium, databaseEnabled: false, desired: {appActivity: com.ram.courier.activities...., appPackage: com.ram.courier, autoGrantPermission: true, automationName: Appium, deviceName: Vivo, platformName: android, platformVersion: 9, udid: 8SSCCMUCKV7SIVRG}, deviceApiLevel: 28, deviceManufacturer: vivo, deviceModel: vivo 1907, deviceName: 8SSCCMUCKV7SIVRG, deviceScreenDensity: 480, deviceScreenSize: 1080x2340, deviceUDID: 8SSCCMUCKV7SIVRG, javascriptEnabled: true, locationContextEnabled: false, networkConnectionEnabled: true, pixelRatio: 3, platform: LINUX, platformName: Android, platformVersion: 9, statBarHeight: 84, takesScreenshot: true, udid: 8SSCCMUCKV7SIVRG, viewportRect: {height: 2183, left: 0, top: 84, width: 1080}, warnings: {}, webStorageEnabled: false}
Session ID: a1652cb2-72d6-487d-86e4-c929d90f4c92
*** Element info: {Using=id, value=com.ram.courier:id/btn_logout}
	at sun.reflect.NativeConstructorAccessorImpl.newInstance0(Native Method)
	at sun.reflect.NativeConstructorAccessorImpl.newInstance(Unknown Source)
	at sun.reflect.DelegatingConstructorAccessorImpl.newInstance(Unknown Source)
	at java.lang.reflect.Constructor.newInstance(Unknown Source)
	at org.openqa.selenium.remote.http.W3CHttpResponseCodec.createException(W3CHttpResponseCodec.java:187)
	at org.openqa.selenium.remote.http.W3CHttpResponseCodec.decode(W3CHttpResponseCodec.java:122)
	at org.openqa.selenium.remote.http.W3CHttpResponseCodec.decode(W3CHttpResponseCodec.java:49)
	at org.openqa.selenium.remote.HttpCommandExecutor.execute(HttpCommandExecutor.java:158)
	at io.appium.java_client.remote.AppiumCommandExecutor.execute(AppiumCommandExecutor.java:239)
	at org.openqa.selenium.remote.RemoteWebDriver.execute(RemoteWebDriver.java:552)
	at io.appium.java_client.DefaultGenericMobileDriver.execute(DefaultGenericMobileDriver.java:41)
	at io.appium.java_client.AppiumDriver.execute(AppiumDriver.java:1)
	at io.appium.java_client.android.AndroidDriver.execute(AndroidDriver.java:1)
	at org.openqa.selenium.remote.RemoteWebDriver.findElement(RemoteWebDriver.java:323)
	at io.appium.java_client.DefaultGenericMobileDriver.findElement(DefaultGenericMobileDriver.java:61)
	at io.appium.java_client.AppiumDriver.findElement(AppiumDriver.java:1)
	at io.appium.java_client.android.AndroidDriver.findElement(AndroidDriver.java:1)
	at org.openqa.selenium.remote.RemoteWebDriver.findElementById(RemoteWebDriver.java:372)
	at io.appium.java_client.DefaultGenericMobileDriver.findElementById(DefaultGenericMobileDriver.java:69)
	at io.appium.java_client.AppiumDriver.findElementById(AppiumDriver.java:1)
	at io.appium.java_client.android.AndroidDriver.findElementById(AndroidDriver.java:1)
	at RamTestCases.OtrReturnToHub.ReturntoHubSelectReasonforNextCollectionEnterValidPodNO(OtrReturnToHub.java:229)
	at sun.reflect.NativeMethodAccessorImpl.invoke0(Native Method)
	at sun.reflect.NativeMethodAccessorImpl.invoke(Unknown Source)
	at sun.reflect.DelegatingMethodAccessorImpl.invoke(Unknown Source)
	at java.lang.reflect.Method.invoke(Unknown Source)
	at org.testng.internal.MethodInvocationHelper.invokeMethod(MethodInvocationHelper.java:86)
	at org.testng.internal.Invoker.invokeMethod(Invoker.java:645)
	at org.testng.internal.Invoker.invokeTestMethod(Invoker.java:822)
	at org.testng.internal.Invoker.invokeTestMethods(Invoker.java:1130)
	at org.testng.internal.TestMethodWorker.invokeTestMethods(TestMethodWorker.java:129)
	at org.testng.internal.TestMethodWorker.run(TestMethodWorker.java:112)
	at org.testng.TestRunner.privateRun(TestRunner.java:782)
	at org.testng.TestRunner.run(TestRunner.java:632)
	at org.testng.SuiteRunner.runTest(SuiteRunner.java:366)
	at org.testng.SuiteRunner.runSequentially(SuiteRunner.java:361)
	at org.testng.SuiteRunner.privateRun(SuiteRunner.java:319)
	at org.testng.SuiteRunner.run(SuiteRunner.java:268)
	at org.testng.SuiteRunnerWorker.runSuite(SuiteRunnerWorker.java:52)
	at org.testng.SuiteRunnerWorker.run(SuiteRunnerWorker.java:86)
	at org.testng.TestNG.runSuitesSequentially(TestNG.java:1244)
	at org.testng.TestNG.runSuitesLocally(TestNG.java:1169)
	at org.testng.TestNG.run(TestNG.java:1064)
	at org.testng.remote.RemoteTestNG.run(RemoteTestNG.java:113)
	at org.testng.remote.RemoteTestNG.initAndRun(RemoteTestNG.java:206)
	at org.testng.remote.RemoteTestNG.main(RemoteTestNG.java:177)
]]>
            </full-stacktrace>
          </exception> <!-- org.openqa.selenium.WebDriverException -->
          <reporter-output>
          </reporter-output>
        </test-method> <!-- ReturntoHubSelectReasonforNextCollectionEnterValidPodNO -->
        <test-method status="PASS" signature="afterMethod(org.testng.ITestResult)[pri:0, instance:RamTestCases.OtrReturnToHub@1dc03ce]" name="afterMethod" is-config="true" duration-ms="198" started-at="2020-05-29T16:11:24Z" finished-at="2020-05-29T16:11:24Z">
          <params>
            <param index="0">
              <value>
                <![CDATA[[TestResult name=ReturntoHubSelectReasonforNextCollectionEnterValidPodNO status=FAILURE method=OtrReturnToHub.ReturntoHubSelectReasonforNextCollectionEnterValidPodNO()[pri:4, instance:RamTestCases.OtrReturnToHub@1dc03ce] output={null}]]]>
              </value>
            </param>
          </params>
          <reporter-output>
          </reporter-output>
        </test-method> <!-- afterMethod -->
        <test-method status="FAIL" signature="ReturntoHubScanInvalidWaybillNo()[pri:5, instance:RamTestCases.OtrReturnToHub@1dc03ce]" name="ReturntoHubScanInvalidWaybillNo" duration-ms="26" started-at="2020-05-29T16:11:24Z" description="To verify and select Reason for Open Deliveries " finished-at="2020-05-29T16:11:24Z">
          <exception class="org.openqa.selenium.WebDriverException">
            <message>
              <![CDATA[An unknown server-side error occurred while processing the command. Original error: Could not proxy command to remote server. Original error: Error: socket hang up
Build info: version: '3.141.59', revision: 'e82be7d358', time: '2018-11-14T08:25:53'
System info: host: 'WJLP-1098', ip: '192.168.65.1', os.name: 'Windows 8.1', os.arch: 'x86', os.version: '6.3', java.version: '1.8.0_25'
Driver info: io.appium.java_client.android.AndroidDriver
Capabilities {appActivity: com.ram.courier.activities...., appPackage: com.ram.courier, autoGrantPermission: true, automationName: Appium, databaseEnabled: false, desired: {appActivity: com.ram.courier.activities...., appPackage: com.ram.courier, autoGrantPermission: true, automationName: Appium, deviceName: Vivo, platformName: android, platformVersion: 9, udid: 8SSCCMUCKV7SIVRG}, deviceApiLevel: 28, deviceManufacturer: vivo, deviceModel: vivo 1907, deviceName: 8SSCCMUCKV7SIVRG, deviceScreenDensity: 480, deviceScreenSize: 1080x2340, deviceUDID: 8SSCCMUCKV7SIVRG, javascriptEnabled: true, locationContextEnabled: false, networkConnectionEnabled: true, pixelRatio: 3, platform: LINUX, platformName: Android, platformVersion: 9, statBarHeight: 84, takesScreenshot: true, udid: 8SSCCMUCKV7SIVRG, viewportRect: {height: 2183, left: 0, top: 84, width: 1080}, warnings: {}, webStorageEnabled: false}
Session ID: a1652cb2-72d6-487d-86e4-c929d90f4c92
*** Element info: {Using=id, value=com.ram.courier:id/btn_scan_waybill}]]>
            </message>
            <full-stacktrace>
              <![CDATA[org.openqa.selenium.WebDriverException: An unknown server-side error occurred while processing the command. Original error: Could not proxy command to remote server. Original error: Error: socket hang up
Build info: version: '3.141.59', revision: 'e82be7d358', time: '2018-11-14T08:25:53'
System info: host: 'WJLP-1098', ip: '192.168.65.1', os.name: 'Windows 8.1', os.arch: 'x86', os.version: '6.3', java.version: '1.8.0_25'
Driver info: io.appium.java_client.android.AndroidDriver
Capabilities {appActivity: com.ram.courier.activities...., appPackage: com.ram.courier, autoGrantPermission: true, automationName: Appium, databaseEnabled: false, desired: {appActivity: com.ram.courier.activities...., appPackage: com.ram.courier, autoGrantPermission: true, automationName: Appium, deviceName: Vivo, platformName: android, platformVersion: 9, udid: 8SSCCMUCKV7SIVRG}, deviceApiLevel: 28, deviceManufacturer: vivo, deviceModel: vivo 1907, deviceName: 8SSCCMUCKV7SIVRG, deviceScreenDensity: 480, deviceScreenSize: 1080x2340, deviceUDID: 8SSCCMUCKV7SIVRG, javascriptEnabled: true, locationContextEnabled: false, networkConnectionEnabled: true, pixelRatio: 3, platform: LINUX, platformName: Android, platformVersion: 9, statBarHeight: 84, takesScreenshot: true, udid: 8SSCCMUCKV7SIVRG, viewportRect: {height: 2183, left: 0, top: 84, width: 1080}, warnings: {}, webStorageEnabled: false}
Session ID: a1652cb2-72d6-487d-86e4-c929d90f4c92
*** Element info: {Using=id, value=com.ram.courier:id/btn_scan_waybill}
	at sun.reflect.NativeConstructorAccessorImpl.newInstance0(Native Method)
	at sun.reflect.NativeConstructorAccessorImpl.newInstance(Unknown Source)
	at sun.reflect.DelegatingConstructorAccessorImpl.newInstance(Unknown Source)
	at java.lang.reflect.Constructor.newInstance(Unknown Source)
	at org.openqa.selenium.remote.http.W3CHttpResponseCodec.createException(W3CHttpResponseCodec.java:187)
	at org.openqa.selenium.remote.http.W3CHttpResponseCodec.decode(W3CHttpResponseCodec.java:122)
	at org.openqa.selenium.remote.http.W3CHttpResponseCodec.decode(W3CHttpResponseCodec.java:49)
	at org.openqa.selenium.remote.HttpCommandExecutor.execute(HttpCommandExecutor.java:158)
	at io.appium.java_client.remote.AppiumCommandExecutor.execute(AppiumCommandExecutor.java:239)
	at org.openqa.selenium.remote.RemoteWebDriver.execute(RemoteWebDriver.java:552)
	at io.appium.java_client.DefaultGenericMobileDriver.execute(DefaultGenericMobileDriver.java:41)
	at io.appium.java_client.AppiumDriver.execute(AppiumDriver.java:1)
	at io.appium.java_client.android.AndroidDriver.execute(AndroidDriver.java:1)
	at org.openqa.selenium.remote.RemoteWebDriver.findElement(RemoteWebDriver.java:323)
	at io.appium.java_client.DefaultGenericMobileDriver.findElement(DefaultGenericMobileDriver.java:61)
	at io.appium.java_client.AppiumDriver.findElement(AppiumDriver.java:1)
	at io.appium.java_client.android.AndroidDriver.findElement(AndroidDriver.java:1)
	at org.openqa.selenium.remote.RemoteWebDriver.findElementById(RemoteWebDriver.java:372)
	at io.appium.java_client.DefaultGenericMobileDriver.findElementById(DefaultGenericMobileDriver.java:69)
	at io.appium.java_client.AppiumDriver.findElementById(AppiumDriver.java:1)
	at io.appium.java_client.android.AndroidDriver.findElementById(AndroidDriver.java:1)
	at RamTestCases.OtrReturnToHub.ReturntoHubScanInvalidWaybillNo(OtrReturnToHub.java:240)
	at sun.reflect.NativeMethodAccessorImpl.invoke0(Native Method)
	at sun.reflect.NativeMethodAccessorImpl.invoke(Unknown Source)
	at sun.reflect.DelegatingMethodAccessorImpl.invoke(Unknown Source)
	at java.lang.reflect.Method.invoke(Unknown Source)
	at org.testng.internal.MethodInvocationHelper.invokeMethod(MethodInvocationHelper.java:86)
	at org.testng.internal.Invoker.invokeMethod(Invoker.java:645)
	at org.testng.internal.Invoker.invokeTestMethod(Invoker.java:822)
	at org.testng.internal.Invoker.invokeTestMethods(Invoker.java:1130)
	at org.testng.internal.TestMethodWorker.invokeTestMethods(TestMethodWorker.java:129)
	at org.testng.internal.TestMethodWorker.run(TestMethodWorker.java:112)
	at org.testng.TestRunner.privateRun(TestRunner.java:782)
	at org.testng.TestRunner.run(TestRunner.java:632)
	at org.testng.SuiteRunner.runTest(SuiteRunner.java:366)
	at org.testng.SuiteRunner.runSequentially(SuiteRunner.java:361)
	at org.testng.SuiteRunner.privateRun(SuiteRunner.java:319)
	at org.testng.SuiteRunner.run(SuiteRunner.java:268)
	at org.testng.SuiteRunnerWorker.runSuite(SuiteRunnerWorker.java:52)
	at org.testng.SuiteRunnerWorker.run(SuiteRunnerWorker.java:86)
	at org.testng.TestNG.runSuitesSequentially(TestNG.java:1244)
	at org.testng.TestNG.runSuitesLocally(TestNG.java:1169)
	at org.testng.TestNG.run(TestNG.java:1064)
	at org.testng.remote.RemoteTestNG.run(RemoteTestNG.java:113)
	at org.testng.remote.RemoteTestNG.initAndRun(RemoteTestNG.java:206)
	at org.testng.remote.RemoteTestNG.main(RemoteTestNG.java:177)
]]>
            </full-stacktrace>
          </exception> <!-- org.openqa.selenium.WebDriverException -->
          <reporter-output>
          </reporter-output>
        </test-method> <!-- ReturntoHubScanInvalidWaybillNo -->
        <test-method status="PASS" signature="beforeMethod(java.lang.reflect.Method)[pri:0, instance:RamTestCases.OtrReturnToHub@1dc03ce]" name="beforeMethod" is-config="true" duration-ms="0" started-at="2020-05-29T16:11:24Z" finished-at="2020-05-29T16:11:24Z">
          <params>
            <param index="0">
              <value>
                <![CDATA[public void RamTestCases.OtrReturnToHub.ReturntoHubScanInvalidWaybillNo() throws java.lang.InterruptedException]]>
              </value>
            </param>
          </params>
          <reporter-output>
          </reporter-output>
        </test-method> <!-- beforeMethod -->
        <test-method status="PASS" signature="afterMethod(org.testng.ITestResult)[pri:0, instance:RamTestCases.OtrReturnToHub@1dc03ce]" name="afterMethod" is-config="true" duration-ms="181" started-at="2020-05-29T16:11:24Z" finished-at="2020-05-29T16:11:24Z">
          <params>
            <param index="0">
              <value>
                <![CDATA[[TestResult name=ReturntoHubScanInvalidWaybillNo status=FAILURE method=OtrReturnToHub.ReturntoHubScanInvalidWaybillNo()[pri:5, instance:RamTestCases.OtrReturnToHub@1dc03ce] output={null}]]]>
              </value>
            </param>
          </params>
          <reporter-output>
          </reporter-output>
        </test-method> <!-- afterMethod -->
        <test-method status="FAIL" signature="ReturntoHubScanValidWaybillNo()[pri:6, instance:RamTestCases.OtrReturnToHub@1dc03ce]" name="ReturntoHubScanValidWaybillNo" duration-ms="29" started-at="2020-05-29T16:11:24Z" description="To verify and select Reason for Open Deliveries " finished-at="2020-05-29T16:11:24Z">
          <exception class="org.openqa.selenium.WebDriverException">
            <message>
              <![CDATA[An unknown server-side error occurred while processing the command. Original error: Could not proxy command to remote server. Original error: Error: socket hang up
Build info: version: '3.141.59', revision: 'e82be7d358', time: '2018-11-14T08:25:53'
System info: host: 'WJLP-1098', ip: '192.168.65.1', os.name: 'Windows 8.1', os.arch: 'x86', os.version: '6.3', java.version: '1.8.0_25'
Driver info: io.appium.java_client.android.AndroidDriver
Capabilities {appActivity: com.ram.courier.activities...., appPackage: com.ram.courier, autoGrantPermission: true, automationName: Appium, databaseEnabled: false, desired: {appActivity: com.ram.courier.activities...., appPackage: com.ram.courier, autoGrantPermission: true, automationName: Appium, deviceName: Vivo, platformName: android, platformVersion: 9, udid: 8SSCCMUCKV7SIVRG}, deviceApiLevel: 28, deviceManufacturer: vivo, deviceModel: vivo 1907, deviceName: 8SSCCMUCKV7SIVRG, deviceScreenDensity: 480, deviceScreenSize: 1080x2340, deviceUDID: 8SSCCMUCKV7SIVRG, javascriptEnabled: true, locationContextEnabled: false, networkConnectionEnabled: true, pixelRatio: 3, platform: LINUX, platformName: Android, platformVersion: 9, statBarHeight: 84, takesScreenshot: true, udid: 8SSCCMUCKV7SIVRG, viewportRect: {height: 2183, left: 0, top: 84, width: 1080}, warnings: {}, webStorageEnabled: false}
Session ID: a1652cb2-72d6-487d-86e4-c929d90f4c92
*** Element info: {Using=id, value=com.ram.courier:id/btn_scan_waybill}]]>
            </message>
            <full-stacktrace>
              <![CDATA[org.openqa.selenium.WebDriverException: An unknown server-side error occurred while processing the command. Original error: Could not proxy command to remote server. Original error: Error: socket hang up
Build info: version: '3.141.59', revision: 'e82be7d358', time: '2018-11-14T08:25:53'
System info: host: 'WJLP-1098', ip: '192.168.65.1', os.name: 'Windows 8.1', os.arch: 'x86', os.version: '6.3', java.version: '1.8.0_25'
Driver info: io.appium.java_client.android.AndroidDriver
Capabilities {appActivity: com.ram.courier.activities...., appPackage: com.ram.courier, autoGrantPermission: true, automationName: Appium, databaseEnabled: false, desired: {appActivity: com.ram.courier.activities...., appPackage: com.ram.courier, autoGrantPermission: true, automationName: Appium, deviceName: Vivo, platformName: android, platformVersion: 9, udid: 8SSCCMUCKV7SIVRG}, deviceApiLevel: 28, deviceManufacturer: vivo, deviceModel: vivo 1907, deviceName: 8SSCCMUCKV7SIVRG, deviceScreenDensity: 480, deviceScreenSize: 1080x2340, deviceUDID: 8SSCCMUCKV7SIVRG, javascriptEnabled: true, locationContextEnabled: false, networkConnectionEnabled: true, pixelRatio: 3, platform: LINUX, platformName: Android, platformVersion: 9, statBarHeight: 84, takesScreenshot: true, udid: 8SSCCMUCKV7SIVRG, viewportRect: {height: 2183, left: 0, top: 84, width: 1080}, warnings: {}, webStorageEnabled: false}
Session ID: a1652cb2-72d6-487d-86e4-c929d90f4c92
*** Element info: {Using=id, value=com.ram.courier:id/btn_scan_waybill}
	at sun.reflect.NativeConstructorAccessorImpl.newInstance0(Native Method)
	at sun.reflect.NativeConstructorAccessorImpl.newInstance(Unknown Source)
	at sun.reflect.DelegatingConstructorAccessorImpl.newInstance(Unknown Source)
	at java.lang.reflect.Constructor.newInstance(Unknown Source)
	at org.openqa.selenium.remote.http.W3CHttpResponseCodec.createException(W3CHttpResponseCodec.java:187)
	at org.openqa.selenium.remote.http.W3CHttpResponseCodec.decode(W3CHttpResponseCodec.java:122)
	at org.openqa.selenium.remote.http.W3CHttpResponseCodec.decode(W3CHttpResponseCodec.java:49)
	at org.openqa.selenium.remote.HttpCommandExecutor.execute(HttpCommandExecutor.java:158)
	at io.appium.java_client.remote.AppiumCommandExecutor.execute(AppiumCommandExecutor.java:239)
	at org.openqa.selenium.remote.RemoteWebDriver.execute(RemoteWebDriver.java:552)
	at io.appium.java_client.DefaultGenericMobileDriver.execute(DefaultGenericMobileDriver.java:41)
	at io.appium.java_client.AppiumDriver.execute(AppiumDriver.java:1)
	at io.appium.java_client.android.AndroidDriver.execute(AndroidDriver.java:1)
	at org.openqa.selenium.remote.RemoteWebDriver.findElement(RemoteWebDriver.java:323)
	at io.appium.java_client.DefaultGenericMobileDriver.findElement(DefaultGenericMobileDriver.java:61)
	at io.appium.java_client.AppiumDriver.findElement(AppiumDriver.java:1)
	at io.appium.java_client.android.AndroidDriver.findElement(AndroidDriver.java:1)
	at org.openqa.selenium.remote.RemoteWebDriver.findElementById(RemoteWebDriver.java:372)
	at io.appium.java_client.DefaultGenericMobileDriver.findElementById(DefaultGenericMobileDriver.java:69)
	at io.appium.java_client.AppiumDriver.findElementById(AppiumDriver.java:1)
	at io.appium.java_client.android.AndroidDriver.findElementById(AndroidDriver.java:1)
	at RamTestCases.OtrReturnToHub.ReturntoHubScanValidWaybillNo(OtrReturnToHub.java:250)
	at sun.reflect.NativeMethodAccessorImpl.invoke0(Native Method)
	at sun.reflect.NativeMethodAccessorImpl.invoke(Unknown Source)
	at sun.reflect.DelegatingMethodAccessorImpl.invoke(Unknown Source)
	at java.lang.reflect.Method.invoke(Unknown Source)
	at org.testng.internal.MethodInvocationHelper.invokeMethod(MethodInvocationHelper.java:86)
	at org.testng.internal.Invoker.invokeMethod(Invoker.java:645)
	at org.testng.internal.Invoker.invokeTestMethod(Invoker.java:822)
	at org.testng.internal.Invoker.invokeTestMethods(Invoker.java:1130)
	at org.testng.internal.TestMethodWorker.invokeTestMethods(TestMethodWorker.java:129)
	at org.testng.internal.TestMethodWorker.run(TestMethodWorker.java:112)
	at org.testng.TestRunner.privateRun(TestRunner.java:782)
	at org.testng.TestRunner.run(TestRunner.java:632)
	at org.testng.SuiteRunner.runTest(SuiteRunner.java:366)
	at org.testng.SuiteRunner.runSequentially(SuiteRunner.java:361)
	at org.testng.SuiteRunner.privateRun(SuiteRunner.java:319)
	at org.testng.SuiteRunner.run(SuiteRunner.java:268)
	at org.testng.SuiteRunnerWorker.runSuite(SuiteRunnerWorker.java:52)
	at org.testng.SuiteRunnerWorker.run(SuiteRunnerWorker.java:86)
	at org.testng.TestNG.runSuitesSequentially(TestNG.java:1244)
	at org.testng.TestNG.runSuitesLocally(TestNG.java:1169)
	at org.testng.TestNG.run(TestNG.java:1064)
	at org.testng.remote.RemoteTestNG.run(RemoteTestNG.java:113)
	at org.testng.remote.RemoteTestNG.initAndRun(RemoteTestNG.java:206)
	at org.testng.remote.RemoteTestNG.main(RemoteTestNG.java:177)
]]>
            </full-stacktrace>
          </exception> <!-- org.openqa.selenium.WebDriverException -->
          <reporter-output>
          </reporter-output>
        </test-method> <!-- ReturntoHubScanValidWaybillNo -->
        <test-method status="PASS" signature="beforeMethod(java.lang.reflect.Method)[pri:0, instance:RamTestCases.OtrReturnToHub@1dc03ce]" name="beforeMethod" is-config="true" duration-ms="0" started-at="2020-05-29T16:11:24Z" finished-at="2020-05-29T16:11:24Z">
          <params>
            <param index="0">
              <value>
                <![CDATA[public void RamTestCases.OtrReturnToHub.ReturntoHubScanValidWaybillNo() throws java.lang.InterruptedException]]>
              </value>
            </param>
          </params>
          <reporter-output>
          </reporter-output>
        </test-method> <!-- beforeMethod -->
        <test-method status="PASS" signature="afterMethod(org.testng.ITestResult)[pri:0, instance:RamTestCases.OtrReturnToHub@1dc03ce]" name="afterMethod" is-config="true" duration-ms="166" started-at="2020-05-29T16:11:24Z" finished-at="2020-05-29T16:11:24Z">
          <params>
            <param index="0">
              <value>
                <![CDATA[[TestResult name=ReturntoHubScanValidWaybillNo status=FAILURE method=OtrReturnToHub.ReturntoHubScanValidWaybillNo()[pri:6, instance:RamTestCases.OtrReturnToHub@1dc03ce] output={null}]]]>
              </value>
            </param>
          </params>
          <reporter-output>
          </reporter-output>
        </test-method> <!-- afterMethod -->
      </class> <!-- RamTestCases.OtrReturnToHub -->
    </test> <!-- Default test -->
  </suite> <!-- Default suite -->
</testng-results>
